<?xml version="1.0" encoding="utf-8"?><testsuites name="pytest tests"><testsuite name="pytest" errors="0" failures="0" skipped="0" tests="18" time="3.595" timestamp="2026-03-09T22:32:06.016727+00:00" hostname="agent-env-441ab765-b52b-43d3-a7f0-78b798b7e7d7"><testcase classname="backend.tests.test_cia_servicios.TestSuperAdminAuth" name="test_super_admin_login_success" time="0.491" /><testcase classname="backend.tests.test_cia_servicios.TestSuperAdminAuth" name="test_super_admin_login_invalid_key" time="0.059" /><testcase classname="backend.tests.test_cia_servicios.TestSuperAdminAuth" name="test_super_admin_login_invalid_password" time="0.288" /><testcase classname="backend.tests.test_cia_servicios.TestCompanyAuth" name="test_get_company_info_by_slug" time="0.063" /><testcase classname="backend.tests.test_cia_servicios.TestCompanyAuth" name="test_get_company_info_not_found" time="0.063" /><testcase classname="backend.tests.test_cia_servicios.TestCompanyAuth" name="test_company_login_success" time="0.282" /><testcase classname="backend.tests.test_cia_servicios.TestCompanyAuth" name="test_company_login_invalid_credentials" time="0.279" /><testcase classname="backend.tests.test_cia_servicios.TestSuperAdminDashboard" name="test_super_admin_dashboard" time="0.332" /><testcase classname="backend.tests.test_cia_servicios.TestSuperAdminDashboard" name="test_list_all_companies" time="0.062" /><testcase classname="backend.tests.test_cia_servicios.TestSuperAdminDashboard" name="test_create_company_with_admin" time="0.282" /><testcase classname="backend.tests.test_cia_servicios.TestCompanyUserManagement" name="test_list_company_users" time="0.335" /><testcase classname="backend.tests.test_cia_servicios.TestCompanyUserManagement" name="test_create_company_user" time="0.281" /><testcase classname="backend.tests.test_cia_servicios.TestCompanyUserManagement" name="test_create_user_with_manager_role" time="0.274" /><testcase classname="backend.tests.test_cia_servicios.TestCompanyUserManagement" name="test_cannot_create_super_admin" time="0.056" /><testcase classname="backend.tests.test_cia_servicios.TestCompanyDataAccess" name="test_get_company_details" time="0.120" /><testcase classname="backend.tests.test_cia_servicios.TestCompanyDataAccess" name="test_update_company_info" time="0.054" /><testcase classname="backend.tests.test_cia_servicios.TestAuthMe" name="test_get_current_user_super_admin" time="0.058" /><testcase classname="backend.tests.test_cia_servicios.TestAuthMe" name="test_get_current_user_company_admin" time="0.054" /></testsuite></testsuites>