<?xml version="1.0" encoding="utf-8"?><testsuites name="pytest tests"><testsuite name="pytest" errors="0" failures="0" skipped="0" tests="18" time="7.656" timestamp="2026-03-17T20:25:28.114653+00:00" hostname="agent-env-441ab765-b52b-43d3-a7f0-78b798b7e7d7"><testcase classname="backend.tests.test_subscription_billing.TestSubscriptionPlans" name="test_plans_endpoint_no_auth_required" time="0.241" /><testcase classname="backend.tests.test_subscription_billing.TestSubscriptionPlans" name="test_plans_returns_two_plans" time="0.216" /><testcase classname="backend.tests.test_subscription_billing.TestSubscriptionPlans" name="test_base_plan_price_2500" time="0.171" /><testcase classname="backend.tests.test_subscription_billing.TestSubscriptionPlans" name="test_with_billing_plan_price_3000" time="0.177" /><testcase classname="backend.tests.test_subscription_billing.TestSubscriptionPlans" name="test_billing_cycles_with_discounts" time="0.133" /><testcase classname="backend.tests.test_subscription_billing.TestSubscriptionConfigSuperAdmin" name="test_get_config_requires_super_admin" time="0.147" /><testcase classname="backend.tests.test_subscription_billing.TestSubscriptionConfigSuperAdmin" name="test_get_config_success" time="0.533" /><testcase classname="backend.tests.test_subscription_billing.TestSubscriptionConfigSuperAdmin" name="test_save_config_with_bank_accounts" time="0.617" /><testcase classname="backend.tests.test_subscription_billing.TestSubscriptionInvoicesCRUD" name="test_list_invoices" time="0.532" /><testcase classname="backend.tests.test_subscription_billing.TestSubscriptionInvoicesCRUD" name="test_create_invoice_base_plan" time="0.505" /><testcase classname="backend.tests.test_subscription_billing.TestSubscriptionInvoicesCRUD" name="test_create_invoice_with_billing_plan" time="0.456" /><testcase classname="backend.tests.test_subscription_billing.TestSubscriptionInvoicesCRUD" name="test_create_invoice_quarterly_with_discount" time="0.507" /><testcase classname="backend.tests.test_subscription_billing.TestSubscriptionInvoicesCRUD" name="test_record_payment_bank_transfer" time="0.744" /><testcase classname="backend.tests.test_subscription_billing.TestSubscriptionDashboard" name="test_dashboard_endpoint_success" time="0.557" /><testcase classname="backend.tests.test_subscription_billing.TestSubscriptionDashboard" name="test_dashboard_stats_structure" time="0.487" /><testcase classname="backend.tests.test_subscription_billing.TestMySubscriptionCompanyUser" name="test_my_subscription_endpoint" time="0.547" /><testcase classname="backend.tests.test_subscription_billing.TestMySubscriptionCompanyUser" name="test_my_subscription_has_status" time="0.503" /><testcase classname="backend.tests.test_subscription_billing.TestMySubscriptionCompanyUser" name="test_my_subscription_shows_bank_accounts" time="0.478" /></testsuite></testsuites>