<?xml version="1.0" encoding="utf-8"?><testsuites name="pytest tests"><testsuite name="pytest" errors="0" failures="0" skipped="0" tests="16" time="41.144" timestamp="2026-03-09T22:48:11.263741+00:00" hostname="agent-env-441ab765-b52b-43d3-a7f0-78b798b7e7d7"><testcase classname="backend.tests.test_new_features.TestAIChatIntegration" name="test_ai_chat_basic_message" time="8.362" /><testcase classname="backend.tests.test_new_features.TestAIChatIntegration" name="test_ai_chat_financial_analysis" time="3.998" /><testcase classname="backend.tests.test_new_features.TestAIChatIntegration" name="test_ai_chat_without_auth_fails" time="0.057" /><testcase classname="backend.tests.test_new_features.TestAIProjectAnalysis" name="test_ai_analyze_project_success" time="27.021" /><testcase classname="backend.tests.test_new_features.TestAIProjectAnalysis" name="test_ai_analyze_project_not_found" time="0.062" /><testcase classname="backend.tests.test_new_features.TestQuotePDFGeneration" name="test_generate_quote_pdf_success" time="0.120" /><testcase classname="backend.tests.test_new_features.TestQuotePDFGeneration" name="test_generate_quote_pdf_not_found" time="0.056" /><testcase classname="backend.tests.test_new_features.TestInvoicePDFGeneration" name="test_generate_invoice_pdf_success" time="0.125" /><testcase classname="backend.tests.test_new_features.TestInvoicePDFGeneration" name="test_generate_invoice_pdf_not_found" time="0.068" /><testcase classname="backend.tests.test_new_features.TestFileUpload" name="test_file_upload_success" time="0.057" /><testcase classname="backend.tests.test_new_features.TestFileUpload" name="test_file_upload_with_project" time="0.117" /><testcase classname="backend.tests.test_new_features.TestFileUpload" name="test_file_upload_too_large" time="0.621" /><testcase classname="backend.tests.test_new_features.TestFileUpload" name="test_file_upload_invalid_base64" time="0.050" /><testcase classname="backend.tests.test_new_features.TestFileDownload" name="test_file_download_roundtrip" time="0.110" /><testcase classname="backend.tests.test_new_features.TestFileDownload" name="test_file_download_not_found" time="0.053" /><testcase classname="backend.tests.test_new_features.TestEndToEndIntegration" name="test_full_document_workflow" time="0.183" /></testsuite></testsuites>