<?xml version="1.0" encoding="utf-8"?><testsuites name="pytest tests"><testsuite name="pytest" errors="0" failures="0" skipped="0" tests="13" time="7.914" timestamp="2026-03-10T21:25:48.288563+00:00" hostname="agent-env-441ab765-b52b-43d3-a7f0-78b798b7e7d7"><testcase classname="backend.tests.test_admin_management.TestSuperAdminLogin" name="test_super_admin_login_success" time="0.499" /><testcase classname="backend.tests.test_admin_management.TestSuperAdminLogin" name="test_super_admin_login_invalid_credentials" time="0.352" /><testcase classname="backend.tests.test_admin_management.TestSuperAdminCompanyManagement" name="test_dashboard_shows_companies_with_admin_info" time="0.606" /><testcase classname="backend.tests.test_admin_management.TestSuperAdminCompanyManagement" name="test_get_company_admin" time="0.623" /><testcase classname="backend.tests.test_admin_management.TestSuperAdminCompanyManagement" name="test_update_company_admin" time="0.958" /><testcase classname="backend.tests.test_admin_management.TestSuperAdminCompanyManagement" name="test_toggle_admin_status_block_unblock" time="0.859" /><testcase classname="backend.tests.test_admin_management.TestCompanyAdminLogin" name="test_company_admin_login_success" time="0.332" /><testcase classname="backend.tests.test_admin_management.TestCRMFollowups" name="test_create_followup" time="0.619" /><testcase classname="backend.tests.test_admin_management.TestCRMFollowups" name="test_list_pending_followups" time="0.597" /><testcase classname="backend.tests.test_admin_management.TestCRMFollowups" name="test_list_client_followups" time="0.598" /><testcase classname="backend.tests.test_admin_management.TestClientStatementPDF" name="test_get_client_statement" time="0.546" /><testcase classname="backend.tests.test_admin_management.TestClientStatementPDF" name="test_get_client_statement_pdf" time="0.588" /><testcase classname="backend.tests.test_admin_management.TestCleanup" name="test_cleanup_test_followups" time="0.619" /></testsuite></testsuites>