<?xml version="1.0" encoding="utf-8"?><testsuites name="pytest tests"><testsuite name="pytest" errors="0" failures="0" skipped="0" tests="15" time="4.983" timestamp="2026-03-17T03:41:30.399065+00:00" hostname="agent-env-441ab765-b52b-43d3-a7f0-78b798b7e7d7"><testcase classname="tests.test_new_features.TestSetup" name="test_backend_health" time="0.219" /><testcase classname="tests.test_new_features.TestSetup" name="test_super_admin_login" time="0.439" /><testcase classname="tests.test_new_features.TestSetup" name="test_company_user_login" time="0.364" /><testcase classname="tests.test_new_features.TestTicketSystem" name="test_create_ticket_as_company_user" time="0.501" /><testcase classname="tests.test_new_features.TestTicketSystem" name="test_list_tickets_as_company_user" time="0.174" /><testcase classname="tests.test_new_features.TestTicketSystem" name="test_list_tickets_as_super_admin" time="0.810" /><testcase classname="tests.test_new_features.TestAIConversations" name="test_save_ai_conversation" time="0.138" /><testcase classname="tests.test_new_features.TestAIConversations" name="test_list_ai_conversations" time="0.159" /><testcase classname="tests.test_new_features.TestAIConversations" name="test_get_ai_conversation_by_id" time="0.332" /><testcase classname="tests.test_new_features.TestAIConversations" name="test_delete_ai_conversation" time="0.441" /><testcase classname="tests.test_new_features.TestBroadcastNotifications" name="test_broadcast_notification_as_admin" time="0.145" /><testcase classname="tests.test_new_features.TestBroadcastNotifications" name="test_broadcast_notification_requires_auth" time="0.152" /><testcase classname="tests.test_new_features.TestAccountStatementPDF" name="test_get_account_statement_pdf" time="0.310" /><testcase classname="tests.test_new_features.TestInvoicesMenuOptions" name="test_invoices_endpoint_works" time="0.140" /><testcase classname="tests.test_new_features.TestCleanup" name="test_cleanup_test_tickets" time="0.538" /></testsuite></testsuites>