<?xml version="1.0" encoding="utf-8"?><testsuites name="pytest tests"><testsuite name="pytest" errors="0" failures="0" skipped="0" tests="13" time="3.846" timestamp="2026-04-07T05:27:18.741016+00:00" hostname="agent-env-441ab765-b52b-43d3-a7f0-78b798b7e7d7"><testcase classname="tests.test_iteration_13_features.TestSuperAdminAuth" name="test_super_admin_login_success" time="0.428" /><testcase classname="tests.test_iteration_13_features.TestSuperAdminAuth" name="test_super_admin_login_invalid_password" time="0.331" /><testcase classname="tests.test_iteration_13_features.TestSuperAdminAuth" name="test_super_admin_login_invalid_email" time="0.097" /><testcase classname="tests.test_iteration_13_features.TestSuperAdminDashboard" name="test_dashboard_loads" time="0.492" /><testcase classname="tests.test_iteration_13_features.TestSuperAdminDashboard" name="test_dashboard_requires_auth" time="0.097" /><testcase classname="tests.test_iteration_13_features.TestSuperAdminDashboard" name="test_revenue_stats" time="0.441" /><testcase classname="tests.test_iteration_13_features.TestSuperAdminDashboard" name="test_server_config" time="0.529" /><testcase classname="tests.test_iteration_13_features.TestCompanyAuth" name="test_company_info_endpoint" time="0.121" /><testcase classname="tests.test_iteration_13_features.TestCompanyAuth" name="test_company_info_not_found" time="0.095" /><testcase classname="tests.test_iteration_13_features.TestCompanyAuth" name="test_company_login_invalid_credentials" time="0.097" /><testcase classname="tests.test_iteration_13_features.TestAPIHealth" name="test_api_root" time="0.106" /><testcase classname="tests.test_iteration_13_features.TestAPIHealth" name="test_smtp_presets" time="0.456" /><testcase classname="tests.test_iteration_13_features.TestTicketSystem" name="test_unread_ticket_count" time="0.451" /></testsuite></testsuites>