<?xml version="1.0" encoding="utf-8"?><testsuites name="pytest tests"><testsuite name="pytest" errors="0" failures="1" skipped="0" tests="8" time="4.782" timestamp="2026-03-13T22:11:41.027033+00:00" hostname="agent-env-441ab765-b52b-43d3-a7f0-78b798b7e7d7"><testcase classname="backend.tests.test_pdf_generation.TestAuthentication" name="test_company_login" time="0.429" /><testcase classname="backend.tests.test_pdf_generation.TestQuoteTotalsCalculation" name="test_create_quote_auto_calculates_totals" time="0.494" /><testcase classname="backend.tests.test_pdf_generation.TestQuoteTotalsCalculation" name="test_create_quote_without_tax" time="0.512" /><testcase classname="backend.tests.test_pdf_generation.TestPurchaseOrderTotalsCalculation" name="test_create_purchase_order_auto_calculates_totals" time="0.506" /><testcase classname="backend.tests.test_pdf_generation.TestQuotePDFGeneration" name="test_generate_quote_pdf" time="0.713" /><testcase classname="backend.tests.test_pdf_generation.TestPurchaseOrderPDFGeneration" name="test_generate_purchase_order_pdf" time="0.641" /><testcase classname="backend.tests.test_pdf_generation.TestExistingQuotePDF" name="test_get_existing_quotes_and_generate_pdf" time="0.615"><failure message="AssertionError: PDF generation failed for quote c81d4493-e779-455b-9f3e-2592e9cfe7ef: Internal Server Error&#10;assert 500 == 200&#10; +  where 500 = &lt;Response [500]&gt;.status_code">backend/tests/test_pdf_generation.py:365: in test_get_existing_quotes_and_generate_pdf
    assert pdf_response.status_code == 200, f"PDF generation failed for quote {quote_id}: {pdf_response.text}"
E   AssertionError: PDF generation failed for quote c81d4493-e779-455b-9f3e-2592e9cfe7ef: Internal Server Error
E   assert 500 == 200
E    +  where 500 = &lt;Response [500]&gt;.status_code</failure></testcase><testcase classname="backend.tests.test_pdf_generation.TestExistingPurchaseOrderPDF" name="test_get_existing_pos_and_generate_pdf" time="0.658" /></testsuite></testsuites>