<?xml version="1.0" encoding="utf-8"?><testsuites name="pytest tests"><testsuite name="pytest" errors="0" failures="2" skipped="0" tests="15" time="29.103" timestamp="2026-03-19T19:44:21.205726+00:00" hostname="agent-env-441ab765-b52b-43d3-a7f0-78b798b7e7d7"><testcase classname="tests.test_iteration_11_features.TestAuthentication" name="test_super_admin_login" time="0.340" /><testcase classname="tests.test_iteration_11_features.TestAuthentication" name="test_company_admin_login" time="0.368" /><testcase classname="tests.test_iteration_11_features.TestProfitabilityAPI" name="test_profitability_without_filters" time="0.454" /><testcase classname="tests.test_iteration_11_features.TestProfitabilityAPI" name="test_profitability_with_date_filters" time="0.465" /><testcase classname="tests.test_iteration_11_features.TestProfitabilityAPI" name="test_profitability_with_only_start_date" time="0.453" /><testcase classname="tests.test_iteration_11_features.TestProfitabilityAPI" name="test_profitability_without_auth" time="0.220" /><testcase classname="tests.test_iteration_11_features.TestAIDiagnosisAPI" name="test_ai_diagnosis_success" time="23.172" /><testcase classname="tests.test_iteration_11_features.TestAIDiagnosisAPI" name="test_ai_diagnosis_requires_super_admin" time="0.525" /><testcase classname="tests.test_iteration_11_features.TestAIDiagnosisAPI" name="test_ai_diagnosis_ticket_not_found" time="0.472" /><testcase classname="tests.test_iteration_11_features.TestAIDiagnosisAPI" name="test_ai_diagnosis_without_auth" time="0.117" /><testcase classname="tests.test_iteration_11_features.TestProjectsAPI" name="test_get_projects" time="0.443" /><testcase classname="tests.test_iteration_11_features.TestProjectsAPI" name="test_get_clients" time="0.438" /><testcase classname="tests.test_iteration_11_features.TestProjectsAPI" name="test_get_users" time="0.486" /><testcase classname="tests.test_iteration_11_features.TestTicketsAPI" name="test_get_all_tickets" time="0.566"><failure message="AssertionError: Expected 200, got 404: {&quot;detail&quot;:&quot;Not Found&quot;}&#10;assert 404 == 200&#10; +  where 404 = &lt;Response [404]&gt;.status_code">tests/test_iteration_11_features.py:285: in test_get_all_tickets
    assert response.status_code == 200, f"Expected 200, got {response.status_code}: {response.text}"
E   AssertionError: Expected 200, got 404: {"detail":"Not Found"}
E   assert 404 == 200
E    +  where 404 = &lt;Response [404]&gt;.status_code</failure></testcase><testcase classname="tests.test_iteration_11_features.TestTicketsAPI" name="test_get_ticket_by_id" time="0.501"><failure message="AttributeError: 'str' object has no attribute 'get'">tests/test_iteration_11_features.py:303: in test_get_ticket_by_id
    if t.get("id") == TEST_TICKET_ID:
       ^^^^^
E   AttributeError: 'str' object has no attribute 'get'</failure></testcase></testsuite></testsuites>