<?xml version="1.0" encoding="utf-8"?><testsuites name="pytest tests"><testsuite name="pytest" errors="0" failures="4" skipped="0" tests="22" time="3.723" timestamp="2026-03-10T20:13:13.651812+00:00" hostname="agent-env-441ab765-b52b-43d3-a7f0-78b798b7e7d7"><testcase classname="tests.test_new_features_v2.TestSuperAdminLogin" name="test_super_admin_login_success" time="0.434" /><testcase classname="tests.test_new_features_v2.TestSuperAdminLogin" name="test_super_admin_login_invalid_credentials" time="0.286" /><testcase classname="tests.test_new_features_v2.TestSuperAdminLogin" name="test_super_admin_login_non_super_admin_email" time="0.062" /><testcase classname="tests.test_new_features_v2.TestQuoteToInvoice" name="test_convert_quote_to_invoice_requires_auth" time="0.050" /><testcase classname="tests.test_new_features_v2.TestQuoteToInvoice" name="test_convert_non_authorized_quote_fails" time="0.460" /><testcase classname="tests.test_new_features_v2.TestQuoteToInvoice" name="test_convert_authorized_quote_creates_invoice" time="0.319" /><testcase classname="tests.test_new_features_v2.TestPaymentRegistration" name="test_payment_requires_auth" time="0.062" /><testcase classname="tests.test_new_features_v2.TestPaymentRegistration" name="test_create_payment_updates_invoice" time="0.236" /><testcase classname="tests.test_new_features_v2.TestPaymentRegistration" name="test_full_payment_marks_invoice_paid" time="0.220" /><testcase classname="tests.test_new_features_v2.TestClientStatement" name="test_client_statement_requires_auth" time="0.054"><failure message="assert 200 in [401, 403]&#10; +  where 200 = &lt;Response [200]&gt;.status_code">tests/test_new_features_v2.py:314: in test_client_statement_requires_auth
    assert response.status_code in [401, 403]
E   assert 200 in [401, 403]
E    +  where 200 = &lt;Response [200]&gt;.status_code</failure></testcase><testcase classname="tests.test_new_features_v2.TestClientStatement" name="test_get_client_statement" time="0.061" /><testcase classname="tests.test_new_features_v2.TestClientStatement" name="test_client_statement_404_for_invalid_client" time="0.057" /><testcase classname="tests.test_new_features_v2.TestOverdueInvoices" name="test_overdue_invoices_requires_auth" time="0.055" /><testcase classname="tests.test_new_features_v2.TestOverdueInvoices" name="test_get_overdue_invoices" time="0.058" /><testcase classname="tests.test_new_features_v2.TestProjectTasks" name="test_project_tasks_requires_auth" time="0.057"><failure message="assert 404 in [401, 403]&#10; +  where 404 = &lt;Response [404]&gt;.status_code">tests/test_new_features_v2.py:390: in test_project_tasks_requires_auth
    assert response.status_code in [401, 403]
E   assert 404 in [401, 403]
E    +  where 404 = &lt;Response [404]&gt;.status_code</failure></testcase><testcase classname="tests.test_new_features_v2.TestProjectTasks" name="test_create_and_list_project_tasks" time="0.264" /><testcase classname="tests.test_new_features_v2.TestProjectTasks" name="test_update_task_status" time="0.291" /><testcase classname="tests.test_new_features_v2.TestProjectTasks" name="test_delete_task" time="0.227"><failure message="assert 405 == 404&#10; +  where 405 = &lt;Response [405]&gt;.status_code">tests/test_new_features_v2.py:509: in test_delete_task
    assert verify_response.status_code == 404
E   assert 405 == 404
E    +  where 405 = &lt;Response [405]&gt;.status_code</failure></testcase><testcase classname="tests.test_new_features_v2.TestUserPermissions" name="test_permissions_update_requires_admin" time="0.052"><failure message="assert 404 in [401, 403]&#10; +  where 404 = &lt;Response [404]&gt;.status_code">tests/test_new_features_v2.py:520: in test_permissions_update_requires_admin
    assert response.status_code in [401, 403]
E   assert 404 in [401, 403]
E    +  where 404 = &lt;Response [404]&gt;.status_code</failure></testcase><testcase classname="tests.test_new_features_v2.TestUserPermissions" name="test_update_user_permissions" time="0.127" /><testcase classname="tests.test_new_features_v2.TestPaymentsList" name="test_list_payments_by_company" time="0.054" /><testcase classname="tests.test_new_features_v2.TestPaymentsList" name="test_list_payments_by_client" time="0.065" /></testsuite></testsuites>