<?xml version="1.0" encoding="utf-8"?><testsuites name="pytest tests"><testsuite name="pytest" errors="0" failures="1" skipped="0" tests="13" time="7.663" timestamp="2026-03-13T23:52:26.647397+00:00" hostname="agent-env-441ab765-b52b-43d3-a7f0-78b798b7e7d7"><testcase classname="backend.tests.test_subscription_features.TestSuperAdminLogin" name="test_super_admin_login_success" time="0.538" /><testcase classname="backend.tests.test_subscription_features.TestCompaniesEndpoint" name="test_companies_list_has_days_until_expiry" time="0.500" /><testcase classname="backend.tests.test_subscription_features.TestCompaniesEndpoint" name="test_companies_list_has_subscription_end" time="0.540" /><testcase classname="backend.tests.test_subscription_features.TestCompaniesEndpoint" name="test_companies_list_has_admin_blocked" time="0.484" /><testcase classname="backend.tests.test_subscription_features.TestCompaniesEndpoint" name="test_companies_list_all_required_fields" time="0.549" /><testcase classname="backend.tests.test_subscription_features.TestSubscriptionRenewal" name="test_subscription_renewal_endpoint_exists" time="0.706" /><testcase classname="backend.tests.test_subscription_features.TestSubscriptionRenewal" name="test_subscription_renewal_returns_correct_data" time="0.593" /><testcase classname="backend.tests.test_subscription_features.TestSubscriptionRenewal" name="test_subscription_renewal_updates_company" time="1.121" /><testcase classname="backend.tests.test_subscription_features.TestMySQLEndpoints" name="test_mysql_connection_endpoint_exists" time="0.522" /><testcase classname="backend.tests.test_subscription_features.TestMySQLEndpoints" name="test_init_mysql_schema_endpoint_exists" time="0.487" /><testcase classname="backend.tests.test_subscription_features.TestMySQLEndpoints" name="test_server_config_get" time="0.484" /><testcase classname="backend.tests.test_subscription_features.TestMySQLEndpoints" name="test_server_config_post" time="0.473" /><testcase classname="backend.tests.test_subscription_features.TestDashboardEndpoint" name="test_dashboard_endpoint" time="0.446"><failure message="AssertionError: Dashboard companies missing fields: ['subscription_status']&#10;assert 1 == 0&#10; +  where 1 = len(['subscription_status'])">backend/tests/test_subscription_features.py:356: in test_dashboard_endpoint
    assert len(missing) == 0, f"Dashboard companies missing fields: {missing}"
E   AssertionError: Dashboard companies missing fields: ['subscription_status']
E   assert 1 == 0
E    +  where 1 = len(['subscription_status'])</failure></testcase></testsuite></testsuites>