<?xml version="1.0" encoding="utf-8"?><testsuites name="pytest tests"><testsuite name="pytest" errors="0" failures="0" skipped="0" tests="5" time="1.507" timestamp="2026-03-20T02:58:13.634697+00:00" hostname="agent-env-441ab765-b52b-43d3-a7f0-78b798b7e7d7"><testcase classname="tests.test_iteration_12_features.TestIteration12Features" name="test_company_info_returns_logo_file" time="0.170" /><testcase classname="tests.test_iteration_12_features.TestIteration12Features" name="test_invoice_model_has_custom_fields" time="0.550" /><testcase classname="tests.test_iteration_12_features.TestIteration12Features" name="test_pdf_invoice_generation" time="0.437" /><testcase classname="tests.test_iteration_12_features.TestIteration12Features" name="test_app_health" time="0.132" /><testcase classname="tests.test_iteration_12_features.TestIteration12Features" name="test_company_login_page_exists" time="0.118" /></testsuite></testsuites>